Fri Mar 21 05:04:46 PDT 2014 : Warning: UnknkownHostException: ethanrae: ethanrae: nodename nor servname provided, or not known.
Fri Mar 21 05:04:46 PDT 2014 : Apache Derby Network Server - 10.9.1.0 - (1344872) started and ready to accept connections on port 1527
Fri Mar 21 05:04:46 PDT 2014 : Warning: UnknkownHostException: ethanrae: ethanrae: nodename nor servname provided, or not known.
Fri Mar 21 05:04:46 PDT 2014 : Could not listen on port 1527 on host 127.0.0.1:
 java.net.BindException: Address already in use
An exception was thrown during network server startup. DRDA_ListenPort.S:Could not listen on port 1527 on host 127.0.0.1:
 java.net.BindException: Address already in use
java.lang.reflect.InvocationTargetException
	at sun.reflect.NativeMethodAccessorImpl.invoke0(Native Method)
	at sun.reflect.NativeMethodAccessorImpl.invoke(NativeMethodAccessorImpl.java:57)
	at sun.reflect.DelegatingMethodAccessorImpl.invoke(DelegatingMethodAccessorImpl.java:43)
	at java.lang.reflect.Method.invoke(Method.java:606)
	at org.apache.derby.iapi.jdbc.DRDAServerStarter.run(Unknown Source)
	at java.lang.Thread.run(Thread.java:744)
Caused by: java.lang.Exception: DRDA_ListenPort.S:Could not listen on port 1527 on host 127.0.0.1:
 java.net.BindException: Address already in use
	at org.apache.derby.impl.drda.NetworkServerControlImpl.consolePropertyMessageWork(Unknown Source)
	at org.apache.derby.impl.drda.NetworkServerControlImpl.consolePropertyMessage(Unknown Source)
	at org.apache.derby.impl.drda.NetworkServerControlImpl.blockingStart(Unknown Source)
	... 6 more
----------------------------------------------------------------
Fri Mar 21 05:04:46 PDT 2014:
Booting Derby version The Apache Software Foundation - Apache Derby - 10.9.1.0 - (1344872): instance a816c00e-0144-e487-73a2-000001749c78 
on database directory /Users/E/Dropbox/comp350/Re_Team2/early_assessment_gui/SensorDB  with class loader sun.misc.Launcher$AppClassLoader@530f243b 
Loaded from file:/Users/E/Dropbox/comp350/Re_Team2/early_assessment_gui/lib/derby.jar
java.vendor=Oracle Corporation
java.runtime.version=1.7.0_51-b13
user.dir=/Users/E/Dropbox/comp350/Re_Team2/early_assessment_gui
derby.system.home=null
Database Class Loader started - derby.database.classpath=''
Fri Mar 21 05:07:31 PDT 2014 : Apache Derby Network Server - 10.9.1.0 - (1344872) shutdown
